

$ tsc .
main.ts:6:5 - error TS2322: Type 'null' is not assignable to type 'Person'.

6     return null;
      ~~~~~~~~~~~~




foo.js: line 5, col 10, Error - Unexpected foo. (foo)
bar.js: line 6, col 11, Warning - Unexpected bar. (bar)
baz.js: line 1, col 1, Error - Fatal error parsing file.

3 problems

Traceback (most recent call last):
  File "/Users/hyrule/projects/nvim/terminal-diagnostics.nvim/temp.py", line 9, in <module>
    main()
    ~~~~^^
  File "/Users/hyrule/projects/nvim/terminal-diagnostics.nvim/temp.py", line 7, in main
    print(f1(a, b))
          ~~^^^^^^
  File "/Users/hyrule/projects/nvim/terminal-diagnostics.nvim/temp.py", line 2, in f1
    return a + b
           ~~^~~
TypeError: unsupported operand type(s) for +: 'int' and 'str'



lua: test.lua:1: no
stack traceback:
	[C]: in function 'error'
	test.lua:1: in main chunk
	[C]: in ?


/var/lib/jenkins/workspace/eslint Release/eslint/fullOfProblems.js
  1:10  error    'addOne' is defined but never used            no-unused-vars
  2:9   error    Use the isNaN function to compare with NaN    use-isnan
  3:16  error    Unexpected space before unary operator '++'   space-unary-ops
  3:20  warning  Missing semicolon                             semi
  4:12  warning  Unnecessary 'else' after 'return'             no-else-return
  5:1   warning  Expected indentation of 8 spaces but found 6  indent
  5:7   error    Function 'addOne' expected a return value     consistent-return
  5:13  warning  Missing semicolon                             semi



$ npm t
FAIL src/fail-throws-synchronous.test.js
  ✕ should throw if passed true (9ms)

  ● should throw if passed true

    expect(received).toEqual(expected) // deep equality

    Expected: [Error: shouldThrow was true]
    Received: [Error: didn't throw]

       8 |     throw new Error("didn't throw");
       9 |   } catch (error) {
    > 10 |     expect(error).toEqual(new Error('shouldThrow was true'));
         |                   ^
      11 |   }
      12 | });
      13 |

      at Object.toEqual (src/fail-throws-synchronous.test.js:10:19)

Test Suites: 1 failed, 1 total
Tests:       1 failed, 1 total
Snapshots:   0 total
Time:        1.883s
Ran all test suites matching /src\/fail-throws-synchronous.test.js/i.



error[E0000]: main error message
  --> file.rs:10:2
   |
10 | <code>
   | -^^^^- secondary label
   |  |
   |  primary label
   |
   = note: note without a `Span`, created with `.note`
note: sub-diagnostic message for `.span_note`
  --> file.rs:89:1
   |
89 | more code
   |      ^^^^


lua: test.lua:1: module 'none' not found:
	no field package.preload['none']
	no file '/usr/local/share/lua/5.4/none.lua'
	no file '/usr/local/share/lua/5.4/none/init.lua'
	no file '/usr/local/lib/lua/5.4/none.lua'
	no file '/usr/local/lib/lua/5.4/none/init.lua'
	no file './none.lua'
	no file './none/init.lua'
	no file '/usr/local/lib/lua/5.4/none.so'
	no file '/usr/local/lib/lua/5.4/loadall.so'
	no file './none.so'
stack traceback:
	[C]: in function 'require'
	test.lua:1: in main chunk
	[C]: in ?


